SF:lib/main/app.dart
DA:11,1
DA:13,1
DA:19,1
DA:20,0
DA:22,1
DA:25,1
LF:6
LH:5
end_of_record
SF:lib/base/base_page.dart
DA:13,0
DA:25,0
DA:27,0
DA:29,0
DA:33,0
DA:34,0
DA:35,0
DA:36,0
DA:37,0
DA:38,0
DA:43,0
DA:46,0
DA:47,0
DA:48,0
DA:49,0
DA:51,0
DA:52,0
DA:53,0
DA:54,0
DA:55,0
DA:61,0
DA:66,0
DA:70,0
DA:74,0
DA:78,0
DA:79,0
DA:85,0
DA:87,0
DA:88,0
DA:89,0
DA:90,0
DA:92,0
DA:93,0
DA:97,0
DA:98,0
DA:100,0
DA:101,0
DA:102,0
DA:111,0
DA:112,0
DA:115,0
DA:116,0
DA:118,0
DA:120,0
DA:121,0
DA:125,0
DA:135,0
DA:137,0
DA:138,0
LF:49
LH:0
end_of_record
SF:lib/base/base_vm.dart
DA:13,0
DA:15,0
DA:17,0
DA:18,0
DA:21,0
DA:22,0
DA:25,0
DA:26,0
DA:30,0
DA:31,0
DA:34,0
DA:36,0
DA:37,0
DA:38,0
LF:14
LH:0
end_of_record
SF:lib/base/base_widget.dart
DA:10,0
DA:15,0
DA:16,0
LF:3
LH:0
end_of_record
SF:lib/bindings/main_bindings.dart
DA:16,1
DA:18,2
DA:19,0
DA:20,2
DA:21,0
DA:22,2
DA:23,0
DA:24,2
DA:25,0
DA:26,2
DA:27,0
DA:28,2
DA:29,0
DA:30,2
DA:31,0
DA:32,2
DA:33,0
DA:34,2
DA:35,0
LF:19
LH:10
end_of_record
SF:lib/main/app_vm.dart
DA:10,0
DA:11,0
DA:14,0
DA:33,0
DA:35,0
LF:5
LH:0
end_of_record
SF:lib/constants/app_theme.dart
DA:1,1
LF:1
LH:1
end_of_record
SF:lib/feature/post_details/post_details_bindings.dart
DA:7,0
DA:9,0
DA:10,0
LF:3
LH:0
end_of_record
SF:lib/feature/post_details/post_details_viewmodel.dart
DA:14,0
DA:17,0
DA:18,0
DA:19,0
DA:20,0
DA:21,0
DA:22,0
DA:23,0
DA:24,0
DA:25,0
DA:26,0
LF:11
LH:0
end_of_record
SF:lib/feature/post_details/post_details_view.dart
DA:14,0
DA:16,0
DA:17,0
DA:22,0
DA:24,0
DA:27,0
DA:28,0
DA:41,0
DA:43,0
DA:44,0
DA:45,0
DA:48,0
DA:50,0
DA:56,0
LF:14
LH:0
end_of_record
SF:lib/feature/post_details/post_details_view_mobile.dart
DA:9,0
DA:11,0
DA:13,0
DA:14,0
DA:15,0
DA:17,0
DA:24,0
DA:25,0
DA:26,0
DA:29,0
DA:32,0
DA:33,0
DA:34,0
DA:37,0
DA:38,0
DA:41,0
DA:42,0
LF:17
LH:0
end_of_record
SF:lib/generated/l10n.dart
DA:16,1
DA:20,0
DA:21,0
DA:28,1
DA:29,1
DA:30,0
DA:31,1
DA:32,1
DA:33,3
DA:34,1
DA:35,1
DA:42,0
DA:43,0
DA:44,0
DA:49,0
DA:50,0
DA:54,0
DA:55,0
DA:59,0
DA:64,0
DA:65,0
DA:69,0
DA:74,0
DA:75,0
DA:79,0
DA:84,0
DA:85,0
DA:89,0
DA:95,1
DA:97,1
DA:103,1
DA:104,1
DA:105,1
DA:106,1
DA:107,0
DA:110,1
DA:111,2
DA:112,3
LF:38
LH:17
end_of_record
SF:lib/widgets/loading_widget.dart
DA:14,0
DA:19,0
DA:21,0
DA:23,0
DA:24,0
DA:25,0
DA:26,0
DA:27,0
DA:33,0
DA:34,0
LF:10
LH:0
end_of_record
SF:lib/feature/posts/post_bindings.dart
DA:7,0
DA:9,0
DA:10,0
LF:3
LH:0
end_of_record
SF:lib/feature/posts/posts_viewmodel.dart
DA:13,0
DA:15,0
DA:16,0
DA:17,0
DA:18,0
DA:19,0
DA:20,0
DA:21,0
DA:22,0
DA:23,0
DA:24,0
DA:28,0
DA:30,0
DA:31,0
LF:14
LH:0
end_of_record
SF:lib/feature/posts/posts_view.dart
DA:10,0
DA:12,0
DA:13,0
DA:18,0
DA:20,0
DA:23,0
DA:24,0
DA:37,0
DA:39,0
LF:9
LH:0
end_of_record
SF:lib/feature/posts/posts_view_mobile.dart
DA:11,0
DA:13,0
DA:15,0
DA:16,0
DA:17,0
DA:19,0
DA:26,0
DA:27,0
DA:28,0
DA:29,0
DA:30,0
DA:31,0
DA:32,0
DA:34,0
DA:35,0
DA:36,0
DA:39,0
DA:41,0
DA:42,0
DA:43,0
DA:46,0
DA:47,0
DA:50,0
DA:51,0
LF:24
LH:0
end_of_record
SF:lib/feature/splash/splash_bindings.dart
DA:6,0
DA:8,0
DA:9,0
LF:3
LH:0
end_of_record
SF:lib/feature/splash/splash_viewmodel.dart
DA:8,0
DA:9,0
DA:11,0
LF:3
LH:0
end_of_record
SF:lib/feature/splash/splash_view.dart
DA:11,0
DA:13,0
DA:14,0
DA:20,0
DA:22,0
DA:23,0
DA:24,0
DA:25,0
DA:29,0
DA:31,0
LF:10
LH:0
end_of_record
SF:lib/feature/splash/splash_view_mobile.dart
DA:8,0
DA:10,0
DA:12,0
DA:13,0
DA:14,0
LF:5
LH:0
end_of_record
SF:lib/generated/intl/messages_all.dart
DA:21,3
DA:22,2
DA:25,1
DA:27,1
DA:28,1
DA:35,1
DA:36,1
DA:37,3
DA:38,0
DA:40,0
DA:42,2
DA:43,1
DA:44,3
DA:45,2
DA:46,1
DA:49,1
DA:51,1
DA:57,1
DA:59,1
DA:61,1
LF:20
LH:18
end_of_record
SF:lib/generated/intl/messages_en.dart
DA:15,3
DA:20,0
DA:23,2
DA:24,1
DA:26,1
DA:27,1
DA:28,1
LF:7
LH:6
end_of_record
SF:lib/navigation/router.dart
DA:12,3
DA:13,1
DA:15,0
DA:16,1
DA:18,1
DA:20,0
DA:21,1
DA:23,1
DA:25,0
DA:26,1
LF:10
LH:7
end_of_record
